<?xml version="1.0" encoding="UTF-8"?>
<testsuite xmlns:xsi="http://www.w3.org/2001/XMLSchema-instance" xsi:noNamespaceSchemaLocation="https://maven.apache.org/surefire/maven-surefire-plugin/xsd/surefire-test-report.xsd" name="fr.army.AppTest" time="0.132" tests="1" errors="0" skipped="0" failures="0">
  <properties>
    <property name="java.specification.version" value="17"/>
    <property name="sun.cpu.isalist" value="amd64"/>
    <property name="sun.jnu.encoding" value="Cp1252"/>
    <property name="java.class.path" value="c:\Users\flori\OneDrive\Documents\--- Projects Dev\Java\Plugins\StelyCube\StelyTeam\stelyteam\target\test-classes;c:\Users\flori\OneDrive\Documents\--- Projects Dev\Java\Plugins\StelyCube\StelyTeam\stelyteam\target\classes;C:\Users\flori\.m2\repository\org\spigotmc\spigot-api\1.18.1-R0.1-SNAPSHOT\spigot-api-1.18.1-R0.1-SNAPSHOT.jar;C:\Users\flori\.m2\repository\commons-lang\commons-lang\2.6\commons-lang-2.6.jar;C:\Users\flori\.m2\repository\com\google\guava\guava\31.0.1-jre\guava-31.0.1-jre.jar;C:\Users\flori\.m2\repository\com\google\guava\failureaccess\1.0.1\failureaccess-1.0.1.jar;C:\Users\flori\.m2\repository\com\google\guava\listenablefuture\9999.0-empty-to-avoid-conflict-with-guava\listenablefuture-9999.0-empty-to-avoid-conflict-with-guava.jar;C:\Users\flori\.m2\repository\org\checkerframework\checker-qual\3.12.0\checker-qual-3.12.0.jar;C:\Users\flori\.m2\repository\com\google\errorprone\error_prone_annotations\2.7.1\error_prone_annotations-2.7.1.jar;C:\Users\flori\.m2\repository\com\google\j2objc\j2objc-annotations\1.3\j2objc-annotations-1.3.jar;C:\Users\flori\.m2\repository\com\google\code\gson\gson\2.8.8\gson-2.8.8.jar;C:\Users\flori\.m2\repository\net\md-5\bungeecord-chat\1.16-R0.4\bungeecord-chat-1.16-R0.4.jar;C:\Users\flori\.m2\repository\org\yaml\snakeyaml\1.30\snakeyaml-1.30.jar;C:\Users\flori\.m2\repository\org\bukkit\bukkit\1.15-R0.1-SNAPSHOT\bukkit-1.15-R0.1-SNAPSHOT.jar;C:\Users\flori\.m2\repository\com\mojang\authlib\1.5.21\authlib-1.5.21.jar;C:\Users\flori\.m2\repository\org\apache\commons\commons-lang3\3.3.2\commons-lang3-3.3.2.jar;C:\Users\flori\.m2\repository\org\apache\logging\log4j\log4j-core\2.0-beta9\log4j-core-2.0-beta9.jar;C:\Users\flori\.m2\repository\commons-codec\commons-codec\1.9\commons-codec-1.9.jar;C:\Users\flori\.m2\repository\org\apache\logging\log4j\log4j-api\2.0-beta9\log4j-api-2.0-beta9.jar;C:\Users\flori\.m2\repository\com\google\code\findbugs\jsr305\2.0.1\jsr305-2.0.1.jar;C:\Users\flori\.m2\repository\commons-io\commons-io\2.4\commons-io-2.4.jar;C:\Users\flori\.m2\repository\junit\junit\4.11\junit-4.11.jar;C:\Users\flori\.m2\repository\org\hamcrest\hamcrest-core\1.3\hamcrest-core-1.3.jar;"/>
    <property name="java.vm.vendor" value="Oracle Corporation"/>
    <property name="sun.arch.data.model" value="64"/>
    <property name="user.variant" value=""/>
    <property name="java.vendor.url" value="https://java.oracle.com/"/>
    <property name="user.timezone" value="Europe/Paris"/>
    <property name="os.name" value="Windows 10"/>
    <property name="java.vm.specification.version" value="17"/>
    <property name="sun.java.launcher" value="SUN_STANDARD"/>
    <property name="user.country" value="FR"/>
    <property name="sun.boot.library.path" value="C:\Program Files\Java\jdk-17.0.1\bin"/>
    <property name="sun.java.command" value="C:\Users\flori\AppData\Local\Temp\surefire12584864316474033000\surefirebooter15348619010723945526.jar C:\Users\flori\AppData\Local\Temp\surefire12584864316474033000 2022-03-10T09-21-15_388-jvmRun1 surefire9803623830143514554tmp surefire_016434898304841221137tmp"/>
    <property name="jdk.debug" value="release"/>
    <property name="surefire.test.class.path" value="c:\Users\flori\OneDrive\Documents\--- Projects Dev\Java\Plugins\StelyCube\StelyTeam\stelyteam\target\test-classes;c:\Users\flori\OneDrive\Documents\--- Projects Dev\Java\Plugins\StelyCube\StelyTeam\stelyteam\target\classes;C:\Users\flori\.m2\repository\org\spigotmc\spigot-api\1.18.1-R0.1-SNAPSHOT\spigot-api-1.18.1-R0.1-SNAPSHOT.jar;C:\Users\flori\.m2\repository\commons-lang\commons-lang\2.6\commons-lang-2.6.jar;C:\Users\flori\.m2\repository\com\google\guava\guava\31.0.1-jre\guava-31.0.1-jre.jar;C:\Users\flori\.m2\repository\com\google\guava\failureaccess\1.0.1\failureaccess-1.0.1.jar;C:\Users\flori\.m2\repository\com\google\guava\listenablefuture\9999.0-empty-to-avoid-conflict-with-guava\listenablefuture-9999.0-empty-to-avoid-conflict-with-guava.jar;C:\Users\flori\.m2\repository\org\checkerframework\checker-qual\3.12.0\checker-qual-3.12.0.jar;C:\Users\flori\.m2\repository\com\google\errorprone\error_prone_annotations\2.7.1\error_prone_annotations-2.7.1.jar;C:\Users\flori\.m2\repository\com\google\j2objc\j2objc-annotations\1.3\j2objc-annotations-1.3.jar;C:\Users\flori\.m2\repository\com\google\code\gson\gson\2.8.8\gson-2.8.8.jar;C:\Users\flori\.m2\repository\net\md-5\bungeecord-chat\1.16-R0.4\bungeecord-chat-1.16-R0.4.jar;C:\Users\flori\.m2\repository\org\yaml\snakeyaml\1.30\snakeyaml-1.30.jar;C:\Users\flori\.m2\repository\org\bukkit\bukkit\1.15-R0.1-SNAPSHOT\bukkit-1.15-R0.1-SNAPSHOT.jar;C:\Users\flori\.m2\repository\com\mojang\authlib\1.5.21\authlib-1.5.21.jar;C:\Users\flori\.m2\repository\org\apache\commons\commons-lang3\3.3.2\commons-lang3-3.3.2.jar;C:\Users\flori\.m2\repository\org\apache\logging\log4j\log4j-core\2.0-beta9\log4j-core-2.0-beta9.jar;C:\Users\flori\.m2\repository\commons-codec\commons-codec\1.9\commons-codec-1.9.jar;C:\Users\flori\.m2\repository\org\apache\logging\log4j\log4j-api\2.0-beta9\log4j-api-2.0-beta9.jar;C:\Users\flori\.m2\repository\com\google\code\findbugs\jsr305\2.0.1\jsr305-2.0.1.jar;C:\Users\flori\.m2\repository\commons-io\commons-io\2.4\commons-io-2.4.jar;C:\Users\flori\.m2\repository\junit\junit\4.11\junit-4.11.jar;C:\Users\flori\.m2\repository\org\hamcrest\hamcrest-core\1.3\hamcrest-core-1.3.jar;"/>
    <property name="sun.cpu.endian" value="little"/>
    <property name="user.home" value="C:\Users\flori"/>
    <property name="user.language" value="fr"/>
    <property name="java.specification.vendor" value="Oracle Corporation"/>
    <property name="java.version.date" value="2021-10-19"/>
    <property name="java.home" value="C:\Program Files\Java\jdk-17.0.1"/>
    <property name="file.separator" value="\"/>
    <property name="basedir" value="c:\Users\flori\OneDrive\Documents\--- Projects Dev\Java\Plugins\StelyCube\StelyTeam\stelyteam"/>
    <property name="java.vm.compressedOopsMode" value="Zero based"/>
    <property name="line.separator" value="&#10;"/>
    <property name="java.vm.specification.vendor" value="Oracle Corporation"/>
    <property name="java.specification.name" value="Java Platform API Specification"/>
    <property name="surefire.real.class.path" value="C:\Users\flori\AppData\Local\Temp\surefire12584864316474033000\surefirebooter15348619010723945526.jar"/>
    <property name="user.script" value=""/>
    <property name="sun.management.compiler" value="HotSpot 64-Bit Tiered Compilers"/>
    <property name="java.runtime.version" value="17.0.1+12-LTS-39"/>
    <property name="user.name" value="Army_"/>
    <property name="path.separator" value=";"/>
    <property name="os.version" value="10.0"/>
    <property name="java.runtime.name" value="Java(TM) SE Runtime Environment"/>
    <property name="file.encoding" value="Cp1252"/>
    <property name="java.vm.name" value="Java HotSpot(TM) 64-Bit Server VM"/>
    <property name="localRepository" value="C:\Users\flori\.m2\repository"/>
    <property name="java.vendor.url.bug" value="https://bugreport.java.com/bugreport/"/>
    <property name="java.io.tmpdir" value="C:\Users\flori\AppData\Local\Temp\"/>
    <property name="java.version" value="17.0.1"/>
    <property name="user.dir" value="c:\Users\flori\OneDrive\Documents\--- Projects Dev\Java\Plugins\StelyCube\StelyTeam\stelyteam"/>
    <property name="os.arch" value="amd64"/>
    <property name="java.vm.specification.name" value="Java Virtual Machine Specification"/>
    <property name="sun.os.patch.level" value=""/>
    <property name="native.encoding" value="Cp1252"/>
    <property name="java.library.path" value="C:\Program Files\Java\jdk-17.0.1\bin;C:\WINDOWS\Sun\Java\bin;C:\WINDOWS\system32;C:\WINDOWS;C:\Program Files\Java\jdk-17.0.1\bin;C:\Program Files\Eclipse Adoptium\jdk-17.0.2.8-hotspot\bin;C:\Program Files\Common Files\Oracle\Java\javapath;C:\Program Files (x86)\Common Files\Oracle\Java\javapath;C:\Program Files (x86)\VMware\VMware Player\bin\;C:\WINDOWS\system32;C:\WINDOWS;C:\WINDOWS\System32\Wbem;C:\WINDOWS\System32\WindowsPowerShell\v1.0\;C:\WINDOWS\System32\OpenSSH\;C:\Program Files\dotnet\;C:\Program Files (x86)\NVIDIA Corporation\PhysX\Common;C:\Program Files\NVIDIA Corporation\NVIDIA NvDLISR;C:\WINDOWS\system32;C:\WINDOWS;C:\WINDOWS\System32\Wbem;C:\WINDOWS\System32\WindowsPowerShell\v1.0\;C:\WINDOWS\System32\OpenSSH\;C:\Program Files\PuTTY\;C:\Program Files (x86)\Bitvise SSH Client;C:\Program Files\Microsoft SQL Server\130\Tools\Binn\;C:\Gradle\gradle-6.2.2\bin;C:\sonarqube-8.3.1.34397\bin;C:\sonar-scanner-4.3.0.2102-windows\bin;C:\Users\flori\AppData\Local\Programs\Python\Python38;C:\Program Files\Git\cmd;C:\Users\flori\apache-maven-3.8.1\bin;C:\Users\flori\.cargo\bin;C:\Users\flori\AppData\Local\Microsoft\WindowsApps;C:\ffmpeg\bin;C:\sonarqube-8.3.1.34397\bin;C:\sonar-scanner-4.3.0.2102-windows\bin;C:\Users\flori\AppData\Local\GitHubDesktop\bin;C:\Program Files (x86)\Nmap;C:\Users\flori\AppData\Local\Programs\Microsoft VS Code\bin;;."/>
    <property name="java.vm.info" value="mixed mode, sharing"/>
    <property name="java.vendor" value="Oracle Corporation"/>
    <property name="java.vm.version" value="17.0.1+12-LTS-39"/>
    <property name="sun.io.unicode.encoding" value="UnicodeLittle"/>
    <property name="java.class.version" value="61.0"/>
  </properties>
  <testcase name="shouldAnswerWithTrue" classname="fr.army.AppTest" time="0.004"/>
</testsuite>